<?xml version="1.0" encoding="UTF-8"?>
<!-- Generated by org.testng.reporters.JUnitReportReporter -->
<testsuite hostname="SSI-WAFZAL-LLP" failures="0" tests="4" name="dataprovider.dataProvider" time="0.008" errors="0" timestamp="2024-09-07T23:54:09 PKT" skipped="0">
  <testcase classname="dataprovider.dataProvider" name="testCaseData" time="0.000"/>
  <testcase classname="dataprovider.dataProvider" name="testCaseData" time="0.001"/>
  <testcase classname="dataprovider.dataProvider" name="testCaseData" time="0.006"/>
  <testcase classname="dataprovider.dataProvider" name="testCaseData" time="0.001"/>
</testsuite> <!-- dataprovider.dataProvider -->
